[2022-05-29 02:51:43] request.INFO: Matched route "admin_themes_import". {"route":"admin_themes_import","route_parameters":{"_controller":"PrestaShopBundle\\Controller\\Admin\\Improve\\Design\\ThemeController::importAction","_legacy_controller":"AdminThemes","_legacy_link":"AdminThemes:importtheme","_route":"admin_themes_import"},"request_uri":"http://localhost/admin878i6r4ih/index.php/improve/design/themes/import?_token=bl4HU_ZOdi_BnjgT0JG4YBys_MFUG8QYuUyzeuVcN-M","method":"POST"} []
[2022-05-29 02:51:43] security.DEBUG: Read existing security token from the session. {"key":"_security_main","token_class":"Symfony\\Component\\Security\\Core\\Authentication\\Token\\UsernamePasswordToken"} []
[2022-05-29 02:51:43] security.DEBUG: User was reloaded from a user provider. {"provider":"PrestaShopBundle\\Security\\Admin\\EmployeeProvider","username":"gordondalos@gmail.com"} []
[2022-05-29 02:51:44] app.ERROR: No result was found for query although at least one row was expected. {"object_type":"Translation"} []
[2022-05-29 02:51:44] app.ERROR: No result was found for query although at least one row was expected. {"object_type":"Translation"} []
[2022-05-29 02:51:44] app.ERROR: No result was found for query although at least one row was expected. {"object_type":"Translation"} []
[2022-05-29 02:51:44] app.ERROR: No result was found for query although at least one row was expected. {"object_type":"Translation"} []
[2022-05-29 02:51:44] app.ERROR: No result was found for query although at least one row was expected. {"object_type":"Translation"} []
[2022-05-29 02:51:44] app.ERROR: No result was found for query although at least one row was expected. {"object_type":"Translation"} []
[2022-05-29 02:51:44] app.ERROR: No result was found for query although at least one row was expected. {"object_type":"Translation"} []
[2022-05-29 02:51:44] app.ERROR: No result was found for query although at least one row was expected. {"object_type":"Translation"} []
[2022-05-29 02:51:44] app.ERROR: No result was found for query although at least one row was expected. {"object_type":"Translation"} []
[2022-05-29 02:51:44] app.ERROR: No result was found for query although at least one row was expected. {"object_type":"Translation"} []
[2022-05-29 02:51:44] app.ERROR: No result was found for query although at least one row was expected. {"object_type":"Translation"} []
[2022-05-29 02:51:44] app.ERROR: No result was found for query although at least one row was expected. {"object_type":"Translation"} []
[2022-05-29 02:51:44] app.ERROR: No result was found for query although at least one row was expected. {"object_type":"Translation"} []
[2022-05-29 02:51:44] app.ERROR: No result was found for query although at least one row was expected. {"object_type":"Translation"} []
[2022-05-29 02:51:44] app.ERROR: No result was found for query although at least one row was expected. {"object_type":"Translation"} []
[2022-05-29 02:51:44] app.ERROR: No result was found for query although at least one row was expected. {"object_type":"Translation"} []
[2022-05-29 02:51:45] app.ERROR: You must specify as many arguments (%d, %s ...) as the original string. {"object_type":"Translation"} []
[2022-05-29 02:51:45] app.ERROR: No result was found for query although at least one row was expected. {"object_type":"Translation"} []
[2022-05-29 02:51:45] app.ERROR: No result was found for query although at least one row was expected. {"object_type":"Translation"} []
[2022-05-29 02:51:45] app.ERROR: No result was found for query although at least one row was expected. {"object_type":"Translation"} []
[2022-05-29 02:51:45] app.ERROR: No result was found for query although at least one row was expected. {"object_type":"Translation"} []
[2022-05-29 02:51:45] app.ERROR: No result was found for query although at least one row was expected. {"object_type":"Translation"} []
[2022-05-29 02:51:45] app.ERROR: No result was found for query although at least one row was expected. {"object_type":"Translation"} []
[2022-05-29 02:51:45] app.ERROR: No result was found for query although at least one row was expected. {"object_type":"Translation"} []
[2022-05-29 02:51:45] app.ERROR: No result was found for query although at least one row was expected. {"object_type":"Translation"} []
[2022-05-29 02:51:45] app.ERROR: No result was found for query although at least one row was expected. {"object_type":"Translation"} []
[2022-05-29 02:51:45] app.ERROR: No result was found for query although at least one row was expected. {"object_type":"Translation"} []
[2022-05-29 02:51:45] app.ERROR: No result was found for query although at least one row was expected. {"object_type":"Translation"} []
[2022-05-29 02:51:45] security.DEBUG: Stored the security token in the session. {"key":"_security_main"} []
